<?xml version="1.0" encoding="UTF-8"?>
<!-- Generated by org.testng.reporters.JUnitReportReporter -->
<testsuite hostname="Abhijeet" failures="0" tests="4" name="testNG.parameterization.DataProviderWithExcel" time="104.423" errors="0" timestamp="2024-05-09T19:04:06 IST" skipped="0">
  <testcase classname="testNG.parameterization.DataProviderWithExcel" name="verifyParameter" time="17.882"/>
  <testcase classname="testNG.parameterization.DataProviderWithExcel" name="verifyParameter" time="47.550"/>
  <testcase classname="testNG.parameterization.DataProviderWithExcel" name="verifyParameter" time="21.820"/>
  <testcase classname="testNG.parameterization.DataProviderWithExcel" name="verifyParameter" time="17.171"/>
</testsuite> <!-- testNG.parameterization.DataProviderWithExcel -->
