<?xml version="1.0" encoding="UTF-8"?>
<!-- Generated by org.testng.reporters.JUnitReportReporter -->
<testsuite hostname="Abhijeet" failures="0" tests="2" name="mavendemo.TestNGExample" time="33.157" errors="0" timestamp="2024-05-03T00:58:41 IST" skipped="0">
  <testcase classname="mavendemo.TestNGExample" name="basicOfTestNG" time="20.773"/>
  <testcase classname="mavendemo.TestNGExample" name="basicOfTestNG1" time="12.384"/>
</testsuite> <!-- mavendemo.TestNGExample -->
